FINISH
/CLEAR 

/FILNAME,ex5-1a,0   
/TITLE,ex5-1a. plane truss   

/PREP7  
  
ET,1,LINK1  
R,1,4, , 
 
MP, EX, 1, 29E6

!MPTEMP,1,0  
!MPDATA,EX,1,,29E6 

N,,0,0  
N,,6*12,0  
N,,12*12,0 
N,,3*12,4*12  
N,,9*12,4*12  

TYPE, 1   
MAT,  1
REAL, 1   

E,1,4   
E,1,2    
E,4,2    
E,2,3 
E,2,5 
E,5,3  
E,4,5

FINISH  

/SOLU  
ANTYPE,STATIC

D,1, ,0, , , ,UX,UY, , , , 
!D,1,UX,0
!D,1,UY,0  
D,3, ,0, , , ,UY, , , , ,
!D,3,UY,0
F,2,FY,-10000

SOLVE
FINISH

/POST1
PLDISP,1

PRRSOL,FX                   
PRRSOL,FY   

ETABLE,FORCE,SMISC, 1        
ETABLE,STRESS,LS, 1 
PRETAB,FORCE,STRESS 
 

